<?xml version="1.0" encoding="UTF-8"?>
<!-- Generated by org.testng.reporters.JUnitReportReporter -->
<testsuite hostname="Hanmant" failures="0" tests="6" name="com.qa.testLayer.HomePageTest" time="86.870" errors="0" timestamp="2022-08-18T12:48:22 IST" skipped="0">
  <testcase classname="com.qa.testLayer.HomePageTest" name="verifyBuyNokiaLumia1520" time="11.519"/>
  <system-out/>
  <testcase classname="com.qa.testLayer.HomePageTest" name="verifyBuySamsungGalaxy6" time="9.901"/>
  <system-out/>
  <testcase classname="com.qa.testLayer.HomePageTest" name="verifyBuySonyVaioI7" time="10.338"/>
  <system-out/>
  <testcase classname="com.qa.testLayer.HomePageTest" name="verifyBuyAppleMonitor24" time="11.480"/>
  <system-out/>
  <testcase classname="com.qa.testLayer.HomePageTest" name="verifyBuyAsusFullHd" time="10.299"/>
  <system-out/>
  <testcase classname="com.qa.testLayer.HomePageTest" name="verifyBuySonyVaioI5" time="33.333"/>
  <system-out/>
</testsuite> <!-- com.qa.testLayer.HomePageTest -->
