<?xml version="1.0" encoding="UTF-8"?>
<!-- Generated by org.testng.reporters.JUnitReportReporter -->
<testsuite hostname="DESKTOP-HP840" failures="0" tests="1" name="com.qa.FreeCRMlogin.LoginTestClass" time="0.000" errors="0" timestamp="2022-05-21T11:30:34 IST" skipped="1">
  <testcase classname="com.qa.FreeCRMlogin.LoginTestClass" name="loginTest" time="0.000">
    <skipped/>
  </testcase> <!-- loginTest -->
  <system-out/>
</testsuite> <!-- com.qa.FreeCRMlogin.LoginTestClass -->
